# JRE version: 7.0_13-b20
# Java VM: Java HotSpot(TM) 64-Bit Server VM (23.7-b01 mixed mode windows-amd64 compressed oops)
Heap
 PSYoungGen      total 34752K, used 9644K [0x00000000eaab0000, 0x00000000ef810000, 0x0000000100000000)
  eden space 32128K, 21% used [0x00000000eaab0000,0x00000000eb18b000,0x00000000eca10000)
  from space 2624K, 100% used [0x00000000eca10000,0x00000000ecca0000,0x00000000ecca0000)
  to   space 7488K, 0% used [0x00000000ef0c0000,0x00000000ef0c0000,0x00000000ef810000)
 ParOldGen       total 42752K, used 13286K [0x00000000c0000000, 0x00000000c29c0000, 0x00000000eaab0000)
  object space 42752K, 31% used [0x00000000c0000000,0x00000000c0cf9850,0x00000000c29c0000)
 PSPermGen       total 21248K, used 5747K [0x00000000bae00000, 0x00000000bc2c0000, 0x00000000c0000000)
  object space 21248K, 27% used [0x00000000bae00000,0x00000000bb39cf38,0x00000000bc2c0000)
GC Heap History (10 events):
Event: 1.708 GC heap before
{Heap before GC invocations=1 (full 0):
 PSYoungGen      total 18688K, used 16064K [0x00000000eaab0000, 0x00000000ebf80000, 0x0000000100000000)
  eden space 16064K, 100% used [0x00000000eaab0000,0x00000000eba60000,0x00000000eba60000)
  from space 2624K, 0% used [0x00000000ebcf0000,0x00000000ebcf0000,0x00000000ebf80000)
  to   space 2624K, 0% used [0x00000000eba60000,0x00000000eba60000,0x00000000ebcf0000)
 ParOldGen       total 42752K, used 0K [0x00000000c0000000, 0x00000000c29c0000, 0x00000000eaab0000)
  object space 42752K, 0% used [0x00000000c0000000,0x00000000c0000000,0x00000000c29c0000)
 PSPermGen       total 21248K, used 5265K [0x00000000bae00000, 0x00000000bc2c0000, 0x00000000c0000000)
  object space 21248K, 24% used [0x00000000bae00000,0x00000000bb324580,0x00000000bc2c0000)
Event: 1.715 GC heap after
Heap after GC invocations=1 (full 0):
 PSYoungGen      total 18688K, used 2615K [0x00000000eaab0000, 0x00000000ebf80000, 0x0000000100000000)
  eden space 16064K, 0% used [0x00000000eaab0000,0x00000000eaab0000,0x00000000eba60000)
  from space 2624K, 99% used [0x00000000eba60000,0x00000000ebcedc78,0x00000000ebcf0000)
  to   space 2624K, 0% used [0x00000000ebcf0000,0x00000000ebcf0000,0x00000000ebf80000)
 ParOldGen       total 42752K, used 1232K [0x00000000c0000000, 0x00000000c29c0000, 0x00000000eaab0000)
  object space 42752K, 2% used [0x00000000c0000000,0x00000000c01343b8,0x00000000c29c0000)
 PSPermGen       total 21248K, used 5265K [0x00000000bae00000, 0x00000000bc2c0000, 0x00000000c0000000)
  object space 21248K, 24% used [0x00000000bae00000,0x00000000bb324580,0x00000000bc2c0000)
}
Event: 3.511 GC heap before
{Heap before GC invocations=2 (full 0):
 PSYoungGen      total 18688K, used 18679K [0x00000000eaab0000, 0x00000000ebf80000, 0x0000000100000000)
  eden space 16064K, 100% used [0x00000000eaab0000,0x00000000eba60000,0x00000000eba60000)
  from space 2624K, 99% used [0x00000000eba60000,0x00000000ebcedc78,0x00000000ebcf0000)
  to   space 2624K, 0% used [0x00000000ebcf0000,0x00000000ebcf0000,0x00000000ebf80000)
 ParOldGen       total 42752K, used 1232K [0x00000000c0000000, 0x00000000c29c0000, 0x00000000eaab0000)
  object space 42752K, 2% used [0x00000000c0000000,0x00000000c01343b8,0x00000000c29c0000)
 PSPermGen       total 21248K, used 5415K [0x00000000bae00000, 0x00000000bc2c0000, 0x00000000c0000000)
  object space 21248K, 25% used [0x00000000bae00000,0x00000000bb349d80,0x00000000bc2c0000)
Event: 3.877 GC heap after
Heap after GC invocations=2 (full 0):
 PSYoungGen      total 18688K, used 2599K [0x00000000eaab0000, 0x00000000ecf30000, 0x0000000100000000)
  eden space 16064K, 0% used [0x00000000eaab0000,0x00000000eaab0000,0x00000000eba60000)
  from space 2624K, 99% used [0x00000000ebcf0000,0x00000000ebf79c68,0x00000000ebf80000)
  to   space 2624K, 0% used [0x00000000eba60000,0x00000000eba60000,0x00000000ebcf0000)
 ParOldGen       total 42752K, used 3475K [0x00000000c0000000, 0x00000000c29c0000, 0x00000000eaab0000)
  object space 42752K, 8% used [0x00000000c0000000,0x00000000c0364db0,0x00000000c29c0000)
 PSPermGen       total 21248K, used 5415K [0x00000000bae00000, 0x00000000bc2c0000, 0x00000000c0000000)
  object space 21248K, 25% used [0x00000000bae00000,0x00000000bb349d80,0x00000000bc2c0000)
}
Event: 4.850 GC heap before
{Heap before GC invocations=3 (full 0):
 PSYoungGen      total 18688K, used 18663K [0x00000000eaab0000, 0x00000000ecf30000, 0x0000000100000000)
  eden space 16064K, 100% used [0x00000000eaab0000,0x00000000eba60000,0x00000000eba60000)
  from space 2624K, 99% used [0x00000000ebcf0000,0x00000000ebf79c68,0x00000000ebf80000)
  to   space 2624K, 0% used [0x00000000eba60000,0x00000000eba60000,0x00000000ebcf0000)
 ParOldGen       total 42752K, used 3475K [0x00000000c0000000, 0x00000000c29c0000, 0x00000000eaab0000)
  object space 42752K, 8% used [0x00000000c0000000,0x00000000c0364db0,0x00000000c29c0000)
 PSPermGen       total 21248K, used 5445K [0x00000000bae00000, 0x00000000bc2c0000, 0x00000000c0000000)
  object space 21248K, 25% used [0x00000000bae00000,0x00000000bb351428,0x00000000bc2c0000)
Event: 5.667 GC heap after
Heap after GC invocations=3 (full 0):
 PSYoungGen      total 18688K, used 2624K [0x00000000eaab0000, 0x00000000ecf30000, 0x0000000100000000)
  eden space 16064K, 0% used [0x00000000eaab0000,0x00000000eaab0000,0x00000000eba60000)
  from space 2624K, 100% used [0x00000000eba60000,0x00000000ebcf0000,0x00000000ebcf0000)
  to   space 2624K, 0% used [0x00000000ecca0000,0x00000000ecca0000,0x00000000ecf30000)
 ParOldGen       total 42752K, used 5895K [0x00000000c0000000, 0x00000000c29c0000, 0x00000000eaab0000)
  object space 42752K, 13% used [0x00000000c0000000,0x00000000c05c1d98,0x00000000c29c0000)
 PSPermGen       total 21248K, used 5445K [0x00000000bae00000, 0x00000000bc2c0000, 0x00000000c0000000)
  object space 21248K, 25% used [0x00000000bae00000,0x00000000bb351428,0x00000000bc2c0000)
}
Event: 6.700 GC heap before
{Heap before GC invocations=4 (full 0):
 PSYoungGen      total 18688K, used 18688K [0x00000000eaab0000, 0x00000000ecf30000, 0x0000000100000000)
  eden space 16064K, 100% used [0x00000000eaab0000,0x00000000eba60000,0x00000000eba60000)
  from space 2624K, 100% used [0x00000000eba60000,0x00000000ebcf0000,0x00000000ebcf0000)
  to   space 2624K, 0% used [0x00000000ecca0000,0x00000000ecca0000,0x00000000ecf30000)
 ParOldGen       total 42752K, used 5895K [0x00000000c0000000, 0x00000000c29c0000, 0x00000000eaab0000)
  object space 42752K, 13% used [0x00000000c0000000,0x00000000c05c1d98,0x00000000c29c0000)
 PSPermGen       total 21248K, used 5479K [0x00000000bae00000, 0x00000000bc2c0000, 0x00000000c0000000)
  object space 21248K, 25% used [0x00000000bae00000,0x00000000bb359c40,0x00000000bc2c0000)
Event: 7.251 GC heap after
Heap after GC invocations=4 (full 0):
 PSYoungGen      total 34752K, used 2624K [0x00000000eaab0000, 0x00000000ecf30000, 0x0000000100000000)
  eden space 32128K, 0% used [0x00000000eaab0000,0x00000000eaab0000,0x00000000eca10000)
  from space 2624K, 100% used [0x00000000ecca0000,0x00000000ecf30000,0x00000000ecf30000)
  to   space 2624K, 0% used [0x00000000eca10000,0x00000000eca10000,0x00000000ecca0000)
 ParOldGen       total 42752K, used 8418K [0x00000000c0000000, 0x00000000c29c0000, 0x00000000eaab0000)
  object space 42752K, 19% used [0x00000000c0000000,0x00000000c0838890,0x00000000c29c0000)
 PSPermGen       total 21248K, used 5479K [0x00000000bae00000, 0x00000000bc2c0000, 0x00000000c0000000)
  object space 21248K, 25% used [0x00000000bae00000,0x00000000bb359c40,0x00000000bc2c0000)
}
Event: 8.445 GC heap before
{Heap before GC invocations=5 (full 0):
 PSYoungGen      total 34752K, used 34752K [0x00000000eaab0000, 0x00000000ecf30000, 0x0000000100000000)
  eden space 32128K, 100% used [0x00000000eaab0000,0x00000000eca10000,0x00000000eca10000)
  from space 2624K, 100% used [0x00000000ecca0000,0x00000000ecf30000,0x00000000ecf30000)
  to   space 2624K, 0% used [0x00000000eca10000,0x00000000eca10000,0x00000000ecca0000)
 ParOldGen       total 42752K, used 8418K [0x00000000c0000000, 0x00000000c29c0000, 0x00000000eaab0000)
  object space 42752K, 19% used [0x00000000c0000000,0x00000000c0838890,0x00000000c29c0000)
 PSPermGen       total 21248K, used 5568K [0x00000000bae00000, 0x00000000bc2c0000, 0x00000000c0000000)
  object space 21248K, 26% used [0x00000000bae00000,0x00000000bb3701c8,0x00000000bc2c0000)
Event: 9.183 GC heap after
Heap after GC invocations=5 (full 0):
 PSYoungGen      total 34752K, used 2624K [0x00000000eaab0000, 0x00000000ef810000, 0x0000000100000000)
  eden space 32128K, 0% used [0x00000000eaab0000,0x00000000eaab0000,0x00000000eca10000)
  from space 2624K, 100% used [0x00000000eca10000,0x00000000ecca0000,0x00000000ecca0000)
  to   space 7488K, 0% used [0x00000000ef0c0000,0x00000000ef0c0000,0x00000000ef810000)
 ParOldGen       total 42752K, used 13286K [0x00000000c0000000, 0x00000000c29c0000, 0x00000000eaab0000)
  object space 42752K, 31% used [0x00000000c0000000,0x00000000c0cf9850,0x00000000c29c0000)
 PSPermGen       total 21248K, used 5568K [0x00000000bae00000, 0x00000000bc2c0000, 0x00000000c0000000)
  object space 21248K, 26% used [0x00000000bae00000,0x00000000bb3701c8,0x00000000bc2c0000)
}

