# JRE version: 7.0_13-b20
# Java VM: Java HotSpot(TM) 64-Bit Server VM (23.7-b01 mixed mode windows-amd64 compressed oops)
Heap
 PSYoungGen      total 34752K, used 19172K [0x00000000eaab0000, 0x00000000eee90000, 0x0000000100000000)
  eden space 32128K, 51% used [0x00000000eaab0000,0x00000000ebadc180,0x00000000eca10000)
  from space 2624K, 99% used [0x00000000eca10000,0x00000000ecc9d038,0x00000000ecca0000)
  to   space 2624K, 0% used [0x00000000eec00000,0x00000000eec00000,0x00000000eee90000)
 ParOldGen       total 42752K, used 9326K [0x00000000c0000000, 0x00000000c29c0000, 0x00000000eaab0000)
  object space 42752K, 21% used [0x00000000c0000000,0x00000000c091b910,0x00000000c29c0000)
 PSPermGen       total 21248K, used 5491K [0x00000000bae00000, 0x00000000bc2c0000, 0x00000000c0000000)
  object space 21248K, 25% used [0x00000000bae00000,0x00000000bb35cc18,0x00000000bc2c0000)
GC Heap History (6 events):
Event: 1.914 GC heap before
{Heap before GC invocations=1 (full 0):
 PSYoungGen      total 18688K, used 16064K [0x00000000eaab0000, 0x00000000ebf80000, 0x0000000100000000)
  eden space 16064K, 100% used [0x00000000eaab0000,0x00000000eba60000,0x00000000eba60000)
  from space 2624K, 0% used [0x00000000ebcf0000,0x00000000ebcf0000,0x00000000ebf80000)
  to   space 2624K, 0% used [0x00000000eba60000,0x00000000eba60000,0x00000000ebcf0000)
 ParOldGen       total 42752K, used 0K [0x00000000c0000000, 0x00000000c29c0000, 0x00000000eaab0000)
  object space 42752K, 0% used [0x00000000c0000000,0x00000000c0000000,0x00000000c29c0000)
 PSPermGen       total 21248K, used 5261K [0x00000000bae00000, 0x00000000bc2c0000, 0x00000000c0000000)
  object space 21248K, 24% used [0x00000000bae00000,0x00000000bb323400,0x00000000bc2c0000)
Event: 2.031 GC heap after
Heap after GC invocations=1 (full 0):
 PSYoungGen      total 18688K, used 2615K [0x00000000eaab0000, 0x00000000ecf30000, 0x0000000100000000)
  eden space 16064K, 0% used [0x00000000eaab0000,0x00000000eaab0000,0x00000000eba60000)
  from space 2624K, 99% used [0x00000000eba60000,0x00000000ebcedc78,0x00000000ebcf0000)
  to   space 2624K, 0% used [0x00000000ecca0000,0x00000000ecca0000,0x00000000ecf30000)
 ParOldGen       total 42752K, used 1395K [0x00000000c0000000, 0x00000000c29c0000, 0x00000000eaab0000)
  object space 42752K, 3% used [0x00000000c0000000,0x00000000c015cf08,0x00000000c29c0000)
 PSPermGen       total 21248K, used 5261K [0x00000000bae00000, 0x00000000bc2c0000, 0x00000000c0000000)
  object space 21248K, 24% used [0x00000000bae00000,0x00000000bb323400,0x00000000bc2c0000)
}
Event: 2.883 GC heap before
{Heap before GC invocations=2 (full 0):
 PSYoungGen      total 18688K, used 18679K [0x00000000eaab0000, 0x00000000ecf30000, 0x0000000100000000)
  eden space 16064K, 100% used [0x00000000eaab0000,0x00000000eba60000,0x00000000eba60000)
  from space 2624K, 99% used [0x00000000eba60000,0x00000000ebcedc78,0x00000000ebcf0000)
  to   space 2624K, 0% used [0x00000000ecca0000,0x00000000ecca0000,0x00000000ecf30000)
 ParOldGen       total 42752K, used 1395K [0x00000000c0000000, 0x00000000c29c0000, 0x00000000eaab0000)
  object space 42752K, 3% used [0x00000000c0000000,0x00000000c015cf08,0x00000000c29c0000)
 PSPermGen       total 21248K, used 5427K [0x00000000bae00000, 0x00000000bc2c0000, 0x00000000c0000000)
  object space 21248K, 25% used [0x00000000bae00000,0x00000000bb34cd98,0x00000000bc2c0000)
Event: 3.120 GC heap after
Heap after GC invocations=2 (full 0):
 PSYoungGen      total 34752K, used 2617K [0x00000000eaab0000, 0x00000000ecf30000, 0x0000000100000000)
  eden space 32128K, 0% used [0x00000000eaab0000,0x00000000eaab0000,0x00000000eca10000)
  from space 2624K, 99% used [0x00000000ecca0000,0x00000000ecf2e418,0x00000000ecf30000)
  to   space 2624K, 0% used [0x00000000eca10000,0x00000000eca10000,0x00000000ecca0000)
 ParOldGen       total 42752K, used 3931K [0x00000000c0000000, 0x00000000c29c0000, 0x00000000eaab0000)
  object space 42752K, 9% used [0x00000000c0000000,0x00000000c03d6f68,0x00000000c29c0000)
 PSPermGen       total 21248K, used 5427K [0x00000000bae00000, 0x00000000bc2c0000, 0x00000000c0000000)
  object space 21248K, 25% used [0x00000000bae00000,0x00000000bb34cd98,0x00000000bc2c0000)
}
Event: 3.879 GC heap before
{Heap before GC invocations=3 (full 0):
 PSYoungGen      total 34752K, used 34745K [0x00000000eaab0000, 0x00000000ecf30000, 0x0000000100000000)
  eden space 32128K, 100% used [0x00000000eaab0000,0x00000000eca10000,0x00000000eca10000)
  from space 2624K, 99% used [0x00000000ecca0000,0x00000000ecf2e418,0x00000000ecf30000)
  to   space 2624K, 0% used [0x00000000eca10000,0x00000000eca10000,0x00000000ecca0000)
 ParOldGen       total 42752K, used 3931K [0x00000000c0000000, 0x00000000c29c0000, 0x00000000eaab0000)
  object space 42752K, 9% used [0x00000000c0000000,0x00000000c03d6f68,0x00000000c29c0000)
 PSPermGen       total 21248K, used 5485K [0x00000000bae00000, 0x00000000bc2c0000, 0x00000000c0000000)
  object space 21248K, 25% used [0x00000000bae00000,0x00000000bb35b4c0,0x00000000bc2c0000)
Event: 3.893 GC heap after
Heap after GC invocations=3 (full 0):
 PSYoungGen      total 34752K, used 2612K [0x00000000eaab0000, 0x00000000eee90000, 0x0000000100000000)
  eden space 32128K, 0% used [0x00000000eaab0000,0x00000000eaab0000,0x00000000eca10000)
  from space 2624K, 99% used [0x00000000eca10000,0x00000000ecc9d038,0x00000000ecca0000)
  to   space 2624K, 0% used [0x00000000eec00000,0x00000000eec00000,0x00000000eee90000)
 ParOldGen       total 42752K, used 9326K [0x00000000c0000000, 0x00000000c29c0000, 0x00000000eaab0000)
  object space 42752K, 21% used [0x00000000c0000000,0x00000000c091b910,0x00000000c29c0000)
 PSPermGen       total 21248K, used 5485K [0x00000000bae00000, 0x00000000bc2c0000, 0x00000000c0000000)
  object space 21248K, 25% used [0x00000000bae00000,0x00000000bb35b4c0,0x00000000bc2c0000)
}

