# JRE version: 7.0_13-b20
# Java VM: Java HotSpot(TM) 64-Bit Server VM (23.7-b01 mixed mode windows-amd64 compressed oops)
Heap
 PSYoungGen      total 139008K, used 121581K [0x00000000eaab0000, 0x00000000f44f0000, 0x0000000100000000)
  eden space 126400K, 86% used [0x00000000eaab0000,0x00000000f1543358,0x00000000f2620000)
  from space 12608K, 98% used [0x00000000f3480000,0x00000000f40a81f8,0x00000000f40d0000)
  to   space 14720K, 0% used [0x00000000f2620000,0x00000000f2620000,0x00000000f3480000)
 ParOldGen       total 42752K, used 22792K [0x00000000c0000000, 0x00000000c29c0000, 0x00000000eaab0000)
  object space 42752K, 53% used [0x00000000c0000000,0x00000000c1642120,0x00000000c29c0000)
 PSPermGen       total 21248K, used 5891K [0x00000000bae00000, 0x00000000bc2c0000, 0x00000000c0000000)
  object space 21248K, 27% used [0x00000000bae00000,0x00000000bb3c12b8,0x00000000bc2c0000)
GC Heap History (10 events):
Event: 3.714 GC heap before
{Heap before GC invocations=2 (full 0):
 PSYoungGen      total 18688K, used 18679K [0x00000000eaab0000, 0x00000000ecf30000, 0x0000000100000000)
  eden space 16064K, 100% used [0x00000000eaab0000,0x00000000eba60000,0x00000000eba60000)
  from space 2624K, 99% used [0x00000000eba60000,0x00000000ebcedc78,0x00000000ebcf0000)
  to   space 2624K, 0% used [0x00000000ecca0000,0x00000000ecca0000,0x00000000ecf30000)
 ParOldGen       total 42752K, used 1259K [0x00000000c0000000, 0x00000000c29c0000, 0x00000000eaab0000)
  object space 42752K, 2% used [0x00000000c0000000,0x00000000c013af30,0x00000000c29c0000)
 PSPermGen       total 21248K, used 5416K [0x00000000bae00000, 0x00000000bc2c0000, 0x00000000c0000000)
  object space 21248K, 25% used [0x00000000bae00000,0x00000000bb34a1e0,0x00000000bc2c0000)
Event: 4.174 GC heap after
Heap after GC invocations=2 (full 0):
 PSYoungGen      total 34752K, used 2599K [0x00000000eaab0000, 0x00000000ecf30000, 0x0000000100000000)
  eden space 32128K, 0% used [0x00000000eaab0000,0x00000000eaab0000,0x00000000eca10000)
  from space 2624K, 99% used [0x00000000ecca0000,0x00000000ecf29c78,0x00000000ecf30000)
  to   space 2624K, 0% used [0x00000000eca10000,0x00000000eca10000,0x00000000ecca0000)
 ParOldGen       total 42752K, used 3605K [0x00000000c0000000, 0x00000000c29c0000, 0x00000000eaab0000)
  object space 42752K, 8% used [0x00000000c0000000,0x00000000c0385730,0x00000000c29c0000)
 PSPermGen       total 21248K, used 5416K [0x00000000bae00000, 0x00000000bc2c0000, 0x00000000c0000000)
  object space 21248K, 25% used [0x00000000bae00000,0x00000000bb34a1e0,0x00000000bc2c0000)
}
Event: 5.634 GC heap before
{Heap before GC invocations=3 (full 0):
 PSYoungGen      total 34752K, used 34727K [0x00000000eaab0000, 0x00000000ecf30000, 0x0000000100000000)
  eden space 32128K, 100% used [0x00000000eaab0000,0x00000000eca10000,0x00000000eca10000)
  from space 2624K, 99% used [0x00000000ecca0000,0x00000000ecf29c78,0x00000000ecf30000)
  to   space 2624K, 0% used [0x00000000eca10000,0x00000000eca10000,0x00000000ecca0000)
 ParOldGen       total 42752K, used 3605K [0x00000000c0000000, 0x00000000c29c0000, 0x00000000eaab0000)
  object space 42752K, 8% used [0x00000000c0000000,0x00000000c0385730,0x00000000c29c0000)
 PSPermGen       total 21248K, used 5467K [0x00000000bae00000, 0x00000000bc2c0000, 0x00000000c0000000)
  object space 21248K, 25% used [0x00000000bae00000,0x00000000bb356fc8,0x00000000bc2c0000)
Event: 5.662 GC heap after
Heap after GC invocations=3 (full 0):
 PSYoungGen      total 34752K, used 2612K [0x00000000eaab0000, 0x00000000eee90000, 0x0000000100000000)
  eden space 32128K, 0% used [0x00000000eaab0000,0x00000000eaab0000,0x00000000eca10000)
  from space 2624K, 99% used [0x00000000eca10000,0x00000000ecc9d3c0,0x00000000ecca0000)
  to   space 2624K, 0% used [0x00000000eec00000,0x00000000eec00000,0x00000000eee90000)
 ParOldGen       total 42752K, used 8455K [0x00000000c0000000, 0x00000000c29c0000, 0x00000000eaab0000)
  object space 42752K, 19% used [0x00000000c0000000,0x00000000c0841d18,0x00000000c29c0000)
 PSPermGen       total 21248K, used 5467K [0x00000000bae00000, 0x00000000bc2c0000, 0x00000000c0000000)
  object space 21248K, 25% used [0x00000000bae00000,0x00000000bb356fc8,0x00000000bc2c0000)
}
Event: 6.186 GC heap before
{Heap before GC invocations=4 (full 0):
 PSYoungGen      total 34752K, used 34740K [0x00000000eaab0000, 0x00000000eee90000, 0x0000000100000000)
  eden space 32128K, 100% used [0x00000000eaab0000,0x00000000eca10000,0x00000000eca10000)
  from space 2624K, 99% used [0x00000000eca10000,0x00000000ecc9d3c0,0x00000000ecca0000)
  to   space 2624K, 0% used [0x00000000eec00000,0x00000000eec00000,0x00000000eee90000)
 ParOldGen       total 42752K, used 8455K [0x00000000c0000000, 0x00000000c29c0000, 0x00000000eaab0000)
  object space 42752K, 19% used [0x00000000c0000000,0x00000000c0841d18,0x00000000c29c0000)
 PSPermGen       total 21248K, used 5501K [0x00000000bae00000, 0x00000000bc2c0000, 0x00000000c0000000)
  object space 21248K, 25% used [0x00000000bae00000,0x00000000bb35f718,0x00000000bc2c0000)
Event: 6.242 GC heap after
Heap after GC invocations=4 (full 0):
 PSYoungGen      total 66880K, used 2613K [0x00000000eaab0000, 0x00000000eee90000, 0x0000000100000000)
  eden space 64256K, 0% used [0x00000000eaab0000,0x00000000eaab0000,0x00000000ee970000)
  from space 2624K, 99% used [0x00000000eec00000,0x00000000eee8d7d8,0x00000000eee90000)
  to   space 2624K, 0% used [0x00000000ee970000,0x00000000ee970000,0x00000000eec00000)
 ParOldGen       total 42752K, used 13202K [0x00000000c0000000, 0x00000000c29c0000, 0x00000000eaab0000)
  object space 42752K, 30% used [0x00000000c0000000,0x00000000c0ce4920,0x00000000c29c0000)
 PSPermGen       total 21248K, used 5501K [0x00000000bae00000, 0x00000000bc2c0000, 0x00000000c0000000)
  object space 21248K, 25% used [0x00000000bae00000,0x00000000bb35f718,0x00000000bc2c0000)
}
Event: 7.234 GC heap before
{Heap before GC invocations=5 (full 0):
 PSYoungGen      total 66880K, used 66869K [0x00000000eaab0000, 0x00000000eee90000, 0x0000000100000000)
  eden space 64256K, 100% used [0x00000000eaab0000,0x00000000ee970000,0x00000000ee970000)
  from space 2624K, 99% used [0x00000000eec00000,0x00000000eee8d7d8,0x00000000eee90000)
  to   space 2624K, 0% used [0x00000000ee970000,0x00000000ee970000,0x00000000eec00000)
 ParOldGen       total 42752K, used 13202K [0x00000000c0000000, 0x00000000c29c0000, 0x00000000eaab0000)
  object space 42752K, 30% used [0x00000000c0000000,0x00000000c0ce4920,0x00000000c29c0000)
 PSPermGen       total 21248K, used 5541K [0x00000000bae00000, 0x00000000bc2c0000, 0x00000000c0000000)
  object space 21248K, 26% used [0x00000000bae00000,0x00000000bb369780,0x00000000bc2c0000)
Event: 7.260 GC heap after
Heap after GC invocations=5 (full 0):
 PSYoungGen      total 66880K, used 2616K [0x00000000eaab0000, 0x00000000f40d0000, 0x0000000100000000)
  eden space 64256K, 0% used [0x00000000eaab0000,0x00000000eaab0000,0x00000000ee970000)
  from space 2624K, 99% used [0x00000000ee970000,0x00000000eebfe360,0x00000000eec00000)
  to   space 12608K, 0% used [0x00000000f3480000,0x00000000f3480000,0x00000000f40d0000)
 ParOldGen       total 42752K, used 22792K [0x00000000c0000000, 0x00000000c29c0000, 0x00000000eaab0000)
  object space 42752K, 53% used [0x00000000c0000000,0x00000000c1642120,0x00000000c29c0000)
 PSPermGen       total 21248K, used 5541K [0x00000000bae00000, 0x00000000bc2c0000, 0x00000000c0000000)
  object space 21248K, 26% used [0x00000000bae00000,0x00000000bb369780,0x00000000bc2c0000)
}
Event: 7.854 GC heap before
{Heap before GC invocations=6 (full 0):
 PSYoungGen      total 66880K, used 66872K [0x00000000eaab0000, 0x00000000f40d0000, 0x0000000100000000)
  eden space 64256K, 100% used [0x00000000eaab0000,0x00000000ee970000,0x00000000ee970000)
  from space 2624K, 99% used [0x00000000ee970000,0x00000000eebfe360,0x00000000eec00000)
  to   space 12608K, 0% used [0x00000000f3480000,0x00000000f3480000,0x00000000f40d0000)
 ParOldGen       total 42752K, used 22792K [0x00000000c0000000, 0x00000000c29c0000, 0x00000000eaab0000)
  object space 42752K, 53% used [0x00000000c0000000,0x00000000c1642120,0x00000000c29c0000)
 PSPermGen       total 21248K, used 5574K [0x00000000bae00000, 0x00000000bc2c0000, 0x00000000c0000000)
  object space 21248K, 26% used [0x00000000bae00000,0x00000000bb371aa0,0x00000000bc2c0000)
Event: 8.306 GC heap after
Heap after GC invocations=6 (full 0):
 PSYoungGen      total 139008K, used 12448K [0x00000000eaab0000, 0x00000000f44f0000, 0x0000000100000000)
  eden space 126400K, 0% used [0x00000000eaab0000,0x00000000eaab0000,0x00000000f2620000)
  from space 12608K, 98% used [0x00000000f3480000,0x00000000f40a81f8,0x00000000f40d0000)
  to   space 14720K, 0% used [0x00000000f2620000,0x00000000f2620000,0x00000000f3480000)
 ParOldGen       total 42752K, used 22792K [0x00000000c0000000, 0x00000000c29c0000, 0x00000000eaab0000)
  object space 42752K, 53% used [0x00000000c0000000,0x00000000c1642120,0x00000000c29c0000)
 PSPermGen       total 21248K, used 5574K [0x00000000bae00000, 0x00000000bc2c0000, 0x00000000c0000000)
  object space 21248K, 26% used [0x00000000bae00000,0x00000000bb371aa0,0x00000000bc2c0000)
}

